[23-10-2022  19:07:42] ERROR -> uncaughtException: database is not defined
ReferenceError: database is not defined
    at Object.<anonymous> (C:\Users\User\Documents\PolettoGSW\node\server.js:5:60)
    at Module._compile (node:internal/modules/cjs/loader:1105:14)
    at Object.Module._extensions..js (node:internal/modules/cjs/loader:1159:10)
    at Module.load (node:internal/modules/cjs/loader:981:32)
    at Function.Module._load (node:internal/modules/cjs/loader:822:12)
    at Function.executeUserEntryPoint [as runMain] (node:internal/modules/run_main:77:12)
    at node:internal/main/run_main_module:17:47;
[23-10-2022  19:07:56] INFO -> Listening on port 3000;
[23-10-2022  19:07:59] INFO -> Listening on port 3000;
[23-10-2022  19:08:03] INFO -> HttpStatusCode 404 GET / 2ms;{}
[23-10-2022  19:08:39] INFO -> Listening on port 3000;
[23-10-2022  19:08:40] INFO -> HttpStatusCode 404 GET " / " 2ms;{}
[23-10-2022  19:23:58] INFO -> Listening on port 3000;
[23-10-2022  19:26:28] INFO -> Listening on port 3001;
[23-10-2022  19:28:01] INFO -> Listening on port 3001;
[23-10-2022  19:28:41] INFO -> HttpStatusCode 200 GET " / " 2ms;{}
[23-10-2022  19:28:41] INFO -> HttpStatusCode 404 GET " /favicon.ico " 2ms;{}
[23-10-2022  20:10:50] INFO -> Listening on port 3001;
[23-10-2022  20:11:12] INFO -> HttpStatusCode 404 GET " /api " 3ms;{}
[23-10-2022  20:11:23] INFO -> HttpStatusCode 404 GET " /api " 0ms;{}
[23-10-2022  20:11:26] INFO -> Listening on port 3001;
[23-10-2022  20:11:28] INFO -> HttpStatusCode 200 GET " /api " 3ms;{}
[23-10-2022  20:22:15] ERROR -> uncaughtException: app is not defined
ReferenceError: app is not defined
    at Object.<anonymous> (C:\Users\User\Documents\PolettoGSW\node\app\createExpressApp.js:28:5)
    at Module._compile (node:internal/modules/cjs/loader:1105:14)
    at Object.Module._extensions..js (node:internal/modules/cjs/loader:1159:10)
    at Module.load (node:internal/modules/cjs/loader:981:32)
    at Function.Module._load (node:internal/modules/cjs/loader:822:12)
    at Module.require (node:internal/modules/cjs/loader:1005:19)
    at require (node:internal/modules/cjs/helpers:102:18)
    at Object.<anonymous> (C:\Users\User\Documents\PolettoGSW\node\server.js:5:13)
    at Module._compile (node:internal/modules/cjs/loader:1105:14)
    at Object.Module._extensions..js (node:internal/modules/cjs/loader:1159:10);
[23-10-2022  20:22:36] ERROR -> uncaughtException: path is not defined
ReferenceError: path is not defined
    at module.exports (C:\Users\User\Documents\PolettoGSW\node\app\createExpressApp.js:28:25)
    at Object.<anonymous> (C:\Users\User\Documents\PolettoGSW\node\server.js:5:49)
    at Module._compile (node:internal/modules/cjs/loader:1105:14)
    at Object.Module._extensions..js (node:internal/modules/cjs/loader:1159:10)
    at Module.load (node:internal/modules/cjs/loader:981:32)
    at Function.Module._load (node:internal/modules/cjs/loader:822:12)
    at Function.executeUserEntryPoint [as runMain] (node:internal/modules/run_main:77:12)
    at node:internal/main/run_main_module:17:47;
[23-10-2022  20:24:02] INFO -> Listening on port 3001;
[23-10-2022  20:30:00] INFO -> Listening on port 3001;
[23-10-2022  20:30:11] INFO -> HttpStatusCode 200 GET " /api " 3ms;{}
[23-10-2022  20:30:11] INFO -> HttpStatusCode 304 GET " /api " 1ms;{}
[23-10-2022  20:30:36] INFO -> HttpStatusCode 200 GET " /api " 1ms;{}
[23-10-2022  20:30:36] INFO -> HttpStatusCode 304 GET " /api " 1ms;{}
[23-10-2022  20:30:48] INFO -> HttpStatusCode 404 GET " /main.dbfc7ebb0db3b982a255.hot-update.json " 2ms;{}
[23-10-2022  20:30:48] INFO -> HttpStatusCode 304 GET " /api " 1ms;{}
[23-10-2022  20:30:48] INFO -> HttpStatusCode 304 GET " /api " 1ms;{}
[23-10-2022  20:30:54] INFO -> HttpStatusCode 304 GET " /api " 1ms;{}
[23-10-2022  20:30:54] INFO -> HttpStatusCode 304 GET " /api " 1ms;{}
[23-10-2022  23:36:21] INFO -> Listening on port 3001;
[23-10-2022  23:36:40] INFO -> HttpStatusCode 304 GET " /api " 3ms;{}
[23-10-2022  23:36:40] INFO -> HttpStatusCode 304 GET " /api " 0ms;{}
[23-10-2022  23:36:56] INFO -> Listening on port 3001;
[23-10-2022  23:36:59] INFO -> HttpStatusCode 200 GET " /api " 3ms;{}
[23-10-2022  23:36:59] INFO -> HttpStatusCode 304 GET " /api " 1ms;{}
[23-10-2022  23:45:00] INFO -> Listening on port 3001;
[23-10-2022  23:45:05] INFO -> HttpStatusCode 404 GET " /assets/index.css " 4ms;{}
[23-10-2022  23:45:05] INFO -> HttpStatusCode 404 GET " /js/main.js " 5ms;{}
[23-10-2022  23:45:05] INFO -> HttpStatusCode 404 GET " /img/img-inicial%202.jpg " 1ms;{}
[23-10-2022  23:45:23] INFO -> HttpStatusCode 404 GET " /img/img-inicial%203.jpg " 1ms;{}
[23-10-2022  23:45:31] INFO -> HttpStatusCode 404 GET " /img/img-inicial%201.jpg " 0ms;{}
[23-10-2022  23:48:07] INFO -> HttpStatusCode 404 GET " /src/assets/index.css " 1ms;{}
[23-10-2022  23:48:07] INFO -> HttpStatusCode 404 GET " /js/main.js " 2ms;{}
[23-10-2022  23:48:08] INFO -> HttpStatusCode 404 GET " /img/img-inicial%202.jpg " 0ms;{}
[23-10-2022  23:48:21] INFO -> HttpStatusCode 404 GET " /img/img-inicial%203.jpg " 1ms;{}
[23-10-2022  23:48:21] INFO -> HttpStatusCode 404 GET " /src/assets/index.css " 1ms;{}
[23-10-2022  23:48:21] INFO -> HttpStatusCode 404 GET " /js/main.js " 0ms;{}
[23-10-2022  23:48:21] INFO -> HttpStatusCode 404 GET " /img/img-inicial%202.jpg " 0ms;{}
[23-10-2022  23:49:29] INFO -> Listening on port 3001;
[23-10-2022  23:49:34] INFO -> HttpStatusCode 404 GET " /src/assets/index.css " 4ms;{}
[23-10-2022  23:49:34] INFO -> HttpStatusCode 404 GET " /js/main.js " 5ms;{}
[23-10-2022  23:49:34] INFO -> HttpStatusCode 404 GET " /img/img-inicial%202.jpg " 0ms;{}
[23-10-2022  23:50:00] INFO -> HttpStatusCode 404 GET " /img/img-inicial%201.jpg " 1ms;{}
[23-10-2022  23:51:22] INFO -> HttpStatusCode 404 GET " /main.ca2034e110b04aa5d2f1.hot-update.json " 0ms;{}
[23-10-2022  23:51:22] INFO -> HttpStatusCode 404 GET " /src/assets/index.css " 0ms;{}
[23-10-2022  23:51:23] INFO -> HttpStatusCode 404 GET " /js/main.js " 1ms;{}
[23-10-2022  23:51:23] INFO -> HttpStatusCode 404 GET " /img/img-inicial%202.jpg " 1ms;{}
[23-10-2022  23:51:30] INFO -> HttpStatusCode 404 GET " /src/assets/index.css " 1ms;{}
[23-10-2022  23:51:30] INFO -> HttpStatusCode 404 GET " /js/main.js " 2ms;{}
[23-10-2022  23:51:30] INFO -> HttpStatusCode 404 GET " /img/img-inicial%202.jpg " 1ms;{}
[23-10-2022  23:52:23] INFO -> HttpStatusCode 404 GET " /src/assets/index.css " 1ms;{}
[23-10-2022  23:52:23] INFO -> HttpStatusCode 404 GET " /js/main.js " 1ms;{}
[23-10-2022  23:52:23] INFO -> HttpStatusCode 404 GET " /img/img-inicial%202.jpg " 1ms;{}
[24-10-2022  00:54:34] INFO -> Listening on port 3001;
[24-10-2022  00:54:51] INFO -> HttpStatusCode 404 GET " /src/assets/index.css " 4ms;{}
[24-10-2022  00:54:51] INFO -> HttpStatusCode 404 GET " /js/main.js " 5ms;{}
[24-10-2022  00:54:51] INFO -> HttpStatusCode 404 GET " /img/img-inicial%202.jpg " 1ms;{}
[24-10-2022  00:55:28] INFO -> HttpStatusCode 404 GET " /img/img-inicial%201.jpg " 1ms;{}
[24-10-2022  00:56:15] INFO -> HttpStatusCode 404 GET " /img/img-inicial%203.jpg " 1ms;{}
[24-10-2022  20:41:36] INFO -> Listening on port 3001;
[24-10-2022  20:43:46] INFO -> HttpStatusCode 304 GET " /api " 2ms;{}
[24-10-2022  20:43:46] INFO -> HttpStatusCode 304 GET " /api " 1ms;{}
[24-10-2022  20:43:48] INFO -> HttpStatusCode 304 GET " /api " 1ms;{}
[24-10-2022  20:43:48] INFO -> HttpStatusCode 304 GET " /api " 0ms;{}
[24-10-2022  21:23:30] INFO -> Listening on port 3001;
[24-10-2022  21:24:02] INFO -> HttpStatusCode 404 GET " /api/v1/teste/getHelloWorld?teste=teste " 3ms;{}
[24-10-2022  21:24:18] INFO -> HttpStatusCode 404 GET " /api/v1/teste/getHelloWorld " 1ms;{}
[24-10-2022  21:25:05] INFO -> Listening on port 3001;
[24-10-2022  21:25:08] INFO -> HttpStatusCode 404 GET " /api/v1/teste/getHelloWorld " 3ms;{}
[24-10-2022  21:26:06] INFO -> HttpStatusCode 404 GET " /app/routes/api/v1/teste/getHelloWorld " 0ms;{}
[24-10-2022  21:27:23] INFO -> Listening on port 3001;
[24-10-2022  21:27:34] INFO -> HttpStatusCode 404 GET " /api " 2ms;{}
[24-10-2022  21:28:17] INFO -> Listening on port 3001;
[24-10-2022  21:28:38] INFO -> HttpStatusCode 200 GET " /api/v1/teste/getHelloWorld " 3ms;{}
[24-10-2022  21:28:44] INFO -> HttpStatusCode 404 POST " /api/v1/teste/getHelloWorld " 2ms;{}
[24-10-2022  21:28:51] INFO -> Listening on port 3001;
[24-10-2022  21:28:52] INFO -> HttpStatusCode 404 POST " /api/v1/teste/getHelloWorld " 3ms;{}
[24-10-2022  21:29:09] INFO -> HttpStatusCode 200 POST " /api/v1/teste/postHelloWorld " 1ms;{}
[25-10-2022  22:45:00] INFO -> Listening on port 3001;
[25-10-2022  22:45:11] INFO -> HttpStatusCode 404 GET " /api " 3ms;{}
[25-10-2022  22:45:11] INFO -> HttpStatusCode 404 GET " /api " 0ms;{}
[25-10-2022  22:46:44] INFO -> HttpStatusCode 200 GET " /api/v1/teste/getHelloWorld " 1ms;{}
[25-10-2022  22:47:35] INFO -> HttpStatusCode 200 GET " /api/v1/teste/getHelloWorld " 1ms;{}
[25-10-2022  22:47:35] INFO -> HttpStatusCode 200 GET " /api/v1/teste/getHelloWorld " 0ms;{}
[25-10-2022  22:48:22] INFO -> Listening on port 3001;
[25-10-2022  22:48:28] INFO -> HttpStatusCode 404 GET " /main.f77727cc691cb3ce78d5.hot-update.json " 3ms;{}
[25-10-2022  22:48:28] INFO -> HttpStatusCode 200 GET " /api/v1/teste/getHelloWorld " 3ms;{}
[25-10-2022  22:48:28] ERROR -> uncaughtException: write after end
Error [ERR_STREAM_WRITE_AFTER_END]: write after end
    at new NodeError (node:internal/errors:372:5)
    at ServerResponse.end (node:_http_outgoing:846:15)
    at C:\Users\User\Documents\PolettoGSW\node\app\routes\api\v1\teste\getHelloWorld.js:10:13
    at processTicksAndRejections (node:internal/process/task_queues:96:5);
[25-10-2022  22:49:06] INFO -> Listening on port 3001;
[25-10-2022  22:49:14] INFO -> HttpStatusCode 304 GET " /api/v1/teste/getHelloWorld " 4ms;{}
[25-10-2022  22:49:14] ERROR -> uncaughtException: write after end
Error [ERR_STREAM_WRITE_AFTER_END]: write after end
    at new NodeError (node:internal/errors:372:5)
    at ServerResponse.end (node:_http_outgoing:846:15)
    at C:\Users\User\Documents\PolettoGSW\node\app\routes\api\v1\teste\getHelloWorld.js:10:13
    at processTicksAndRejections (node:internal/process/task_queues:96:5);
[25-10-2022  22:49:48] INFO -> Listening on port 3001;
[25-10-2022  22:49:51] INFO -> HttpStatusCode 304 GET " /api/v1/teste/getHelloWorld " 4ms;{}
[25-10-2022  22:49:51] INFO -> HttpStatusCode 304 GET " /api/v1/teste/getHelloWorld " 1ms;{}
[25-10-2022  22:49:59] INFO -> HttpStatusCode 304 GET " /api/v1/teste/getHelloWorld " 1ms;{}
[25-10-2022  22:49:59] INFO -> HttpStatusCode 304 GET " /api/v1/teste/getHelloWorld " 1ms;{}
[25-10-2022  22:51:17] INFO -> HttpStatusCode 200 GET " /api/v1/teste/getHelloWorld " 1ms;{}
[25-10-2022  22:51:24] INFO -> Listening on port 3001;
[25-10-2022  22:51:29] INFO -> HttpStatusCode 200 GET " /api/v1/teste/getHelloWorld " 4ms;{}
[25-10-2022  22:51:38] INFO -> HttpStatusCode 304 GET " /api/v1/teste/getHelloWorld " 1ms;{}
[25-10-2022  22:51:38] INFO -> HttpStatusCode 304 GET " /api/v1/teste/getHelloWorld " 0ms;{}
[25-10-2022  22:52:12] INFO -> HttpStatusCode 304 GET " /api/v1/teste/getHelloWorld " 1ms;{}
[25-10-2022  22:52:12] INFO -> HttpStatusCode 304 GET " /api/v1/teste/getHelloWorld " 1ms;{}
[25-10-2022  22:53:45] INFO -> HttpStatusCode 200 GET " /api/v1/teste/getHelloWorld " 1ms;{}
[25-10-2022  23:18:15] INFO -> Listening on port 3001;
[25-10-2022  23:18:31] INFO -> HttpStatusCode 304 GET " /api/v1/teste/getHelloWorld " 3ms;{}
[25-10-2022  23:18:33] INFO -> HttpStatusCode 304 GET " /api/v1/teste/getHelloWorld " 2ms;{}
[25-10-2022  23:18:33] INFO -> HttpStatusCode 304 GET " /api/v1/teste/getHelloWorld " 1ms;{}
[31-10-2022  14:45:33] INFO -> Listening on port 3001;
[31-10-2022  14:45:51] INFO -> HttpStatusCode 404 GET " / " 2ms;{}
[31-10-2022  14:47:30] INFO -> Listening on port 3001;
[31-10-2022  14:47:33] INFO -> HttpStatusCode 200 GET " / " 2ms;{}
[31-10-2022  14:47:33] INFO -> HttpStatusCode 404 GET " /favicon.ico " 1ms;{}
[31-10-2022  14:48:16] INFO -> Listening on port 3001;
[31-10-2022  14:48:18] INFO -> HttpStatusCode 200 GET " / " 1ms;{}
[31-10-2022  14:48:49] INFO -> HttpStatusCode 200 GET " / " 1ms;{}
[31-10-2022  14:51:37] INFO -> Listening on port 3001;
[31-10-2022  14:51:39] INFO -> HttpStatusCode 200 GET " / " 1ms;{}
[02-11-2022  21:22:25] INFO -> Listening on port 3001;
[02-11-2022  21:22:29] INFO -> HttpStatusCode 200 GET " /api/v1/teste/getHelloWorld " 4ms;{}
[02-11-2022  21:22:29] INFO -> HttpStatusCode 404 GET " /logo192.png " 2ms;{}
[02-11-2022  21:22:30] INFO -> HttpStatusCode 200 GET " /api/v1/teste/getHelloWorld " 1ms;{}
[02-11-2022  21:22:54] INFO -> HttpStatusCode 404 GET " /main.16ceffe450940d657f58.hot-update.json " 1ms;{}
[02-11-2022  21:22:56] INFO -> HttpStatusCode 200 GET " /api/v1/teste/getHelloWorld " 1ms;{}
[02-11-2022  21:22:56] INFO -> HttpStatusCode 200 GET " /api/v1/teste/getHelloWorld " 1ms;{}
[02-11-2022  21:22:56] INFO -> HttpStatusCode 404 GET " /logo192.png " 1ms;{}
[02-11-2022  21:22:58] INFO -> HttpStatusCode 200 GET " /api/v1/teste/getHelloWorld " 1ms;{}
[02-11-2022  21:22:58] INFO -> HttpStatusCode 200 GET " /api/v1/teste/getHelloWorld " 1ms;{}
[02-11-2022  21:24:31] INFO -> HttpStatusCode 200 GET " /api/v1/teste/getHelloWorld " 1ms;{}
[02-11-2022  21:24:31] INFO -> HttpStatusCode 200 GET " /api/v1/teste/getHelloWorld " 1ms;{}
[02-11-2022  21:24:32] INFO -> HttpStatusCode 404 GET " /logo192.png " 1ms;{}
[02-11-2022  21:24:36] INFO -> HttpStatusCode 200 GET " /api/v1/teste/getHelloWorld " 1ms;{}
[02-11-2022  21:24:36] INFO -> HttpStatusCode 200 GET " /api/v1/teste/getHelloWorld " 1ms;{}
[02-11-2022  21:27:38] INFO -> HttpStatusCode 200 GET " /api/v1/teste/getHelloWorld " 1ms;{}
[02-11-2022  21:27:38] INFO -> HttpStatusCode 200 GET " /api/v1/teste/getHelloWorld " 0ms;{}
[02-11-2022  21:27:39] INFO -> HttpStatusCode 404 GET " /logo192.png " 0ms;{}
[04-11-2022  23:31:19] INFO -> Listening on port 3001;
[04-11-2022  23:32:12] INFO -> HttpStatusCode 200 GET " / " 1ms;{}
[04-11-2022  23:32:12] INFO -> HttpStatusCode 404 GET " /favicon.ico " 2ms;{}
[10-11-2022  21:19:13] INFO -> Listening on port 3001;
[10-11-2022  21:20:24] INFO -> HttpStatusCode 200 GET " /api/v1/teste/getHelloWorld " 4ms;{}
[10-11-2022  21:20:24] INFO -> HttpStatusCode 200 GET " /api/v1/teste/getHelloWorld " 1ms;{}
[10-11-2022  21:20:25] INFO -> HttpStatusCode 404 GET " /logo192.png " 1ms;{}
[10-11-2022  21:21:05] INFO -> HttpStatusCode 200 GET " /api/v1/teste/getHelloWorld " 1ms;{}
[10-11-2022  21:21:05] INFO -> HttpStatusCode 404 GET " /logo192.png " 0ms;{}
[10-11-2022  21:21:06] INFO -> HttpStatusCode 200 GET " /api/v1/teste/getHelloWorld " 2ms;{}
[10-11-2022  21:21:28] INFO -> HttpStatusCode 200 GET " /api/v1/teste/getHelloWorld " 1ms;{}
[10-11-2022  21:21:28] INFO -> HttpStatusCode 200 GET " /api/v1/teste/getHelloWorld " 1ms;{}
[10-11-2022  21:21:29] INFO -> HttpStatusCode 404 GET " /logo192.png " 2ms;{}
[10-11-2022  21:21:29] INFO -> HttpStatusCode 200 GET " /api/v1/teste/getHelloWorld " 2ms;{}
[10-11-2022  21:21:29] INFO -> HttpStatusCode 200 GET " /api/v1/teste/getHelloWorld " 1ms;{}
[10-11-2022  21:21:30] INFO -> HttpStatusCode 404 GET " /logo192.png " 1ms;{}
[10-11-2022  21:47:42] INFO -> HttpStatusCode 404 GET " /api/v1/usuario/usuarioLogin.js " 1ms;{}
[10-11-2022  21:48:10] INFO -> HttpStatusCode 404 GET " /api/v1/usuario/loginUsuario.js " 1ms;{}
[10-11-2022  21:48:44] INFO -> HttpStatusCode 404 GET " /api/v1/usuario/loginUsuario " 1ms;{}
[10-11-2022  21:49:26] INFO -> HttpStatusCode 200 GET " /api/v1/teste/getHelloWorld " 0ms;{}
[10-11-2022  21:50:02] INFO -> HttpStatusCode 404 GET " /api/v1/usuario/loginUsuario " 2ms;{}
[10-11-2022  21:50:35] INFO -> HttpStatusCode 200 GET " / " 1ms;{}
[10-11-2022  21:50:35] INFO -> HttpStatusCode 404 GET " /favicon.ico " 0ms;{}
[10-11-2022  21:50:50] INFO -> HttpStatusCode 404 GET " /api/v1/usuario/loginUsuario " 1ms;{}
[10-11-2022  21:53:04] INFO -> Listening on port 3001;
[10-11-2022  21:53:08] INFO -> HttpStatusCode 200 GET " /api/v1/usuario/loginUsuario " 4ms;{}
[10-11-2022  21:53:18] INFO -> HttpStatusCode 200 GET " /api/v1/teste/getHelloWorld " 2ms;{}
[10-11-2022  21:53:18] INFO -> HttpStatusCode 200 GET " /api/v1/teste/getHelloWorld " 1ms;{}
[10-11-2022  21:53:19] INFO -> HttpStatusCode 404 GET " /logo192.png " 2ms;{}
[10-11-2022  21:53:39] INFO -> Listening on port 3001;
[10-11-2022  21:53:41] INFO -> HttpStatusCode 200 GET " /api/v1/teste/getHelloWorld " 4ms;{}
[10-11-2022  21:53:41] INFO -> HttpStatusCode 200 GET " /api/v1/teste/getHelloWorld " 1ms;{}
[10-11-2022  21:53:41] INFO -> HttpStatusCode 404 GET " /logo192.png " 2ms;{}
[10-11-2022  21:53:48] INFO -> HttpStatusCode 200 GET " /api/v1/teste/getHelloWorld " 1ms;{}
[10-11-2022  21:53:48] INFO -> HttpStatusCode 200 GET " /api/v1/teste/getHelloWorld " 1ms;{}
[10-11-2022  21:53:48] INFO -> HttpStatusCode 404 GET " /logo192.png " 1ms;{}
[10-11-2022  21:53:54] INFO -> Listening on port 3001;
[10-11-2022  21:54:16] INFO -> HttpStatusCode 404 GET " /logo192.png " 4ms;{}
[10-11-2022  21:55:02] INFO -> HttpStatusCode 404 GET " /logo192.png " 1ms;{}
[10-11-2022  21:56:04] INFO -> HttpStatusCode 404 GET " /logo192.png " 1ms;{}
[10-11-2022  21:56:29] INFO -> HttpStatusCode 404 GET " /logo192.png " 0ms;{}
[10-11-2022  21:57:05] INFO -> HttpStatusCode 404 GET " /logo192.png " 1ms;{}
[10-11-2022  21:57:07] INFO -> HttpStatusCode 200 GET " /api/v1/usuario/loginUsuario? " 3ms;{}
[10-11-2022  22:02:31] INFO -> Listening on port 3001;
[10-11-2022  22:02:38] INFO -> HttpStatusCode 404 GET " /logo192.png " 2ms;{}
[10-11-2022  22:02:41] INFO -> HttpStatusCode 200 GET " /api/v1/usuario/loginUsuario? " 4ms;{}
[10-11-2022  22:03:27] INFO -> Listening on port 3001;
[10-11-2022  22:03:29] INFO -> Listening on port 3001;
[10-11-2022  22:03:38] INFO -> HttpStatusCode 404 GET " /logo192.png " 3ms;{}
[10-11-2022  22:03:40] INFO -> HttpStatusCode 200 GET " /api/v1/usuario/loginUsuario?user=adsa&password=dsadsad " 2ms;{}
[10-11-2022  22:05:23] INFO -> Listening on port 3001;
[10-11-2022  22:05:28] INFO -> HttpStatusCode 404 GET " /logo192.png " 3ms;{}
[10-11-2022  22:05:30] INFO -> HttpStatusCode 200 GET " /api/v1/usuario/loginUsuario?user=sadasd&password=sadasdas " 2ms;{}
[10-11-2022  22:06:54] INFO -> Listening on port 3001;
[10-11-2022  22:06:58] INFO -> HttpStatusCode 404 GET " /logo192.png " 2ms;{}
[26-11-2022  21:22:44] INFO -> Listening on port 3001;
[26-11-2022  21:22:59] INFO -> HttpStatusCode 200 GET " / " 1ms;{}
[26-11-2022  21:22:59] INFO -> HttpStatusCode 404 GET " /favicon.ico " 1ms;{}
[26-11-2022  21:23:38] INFO -> HttpStatusCode 404 GET " /logo192.png " 1ms;{}
[26-11-2022  21:24:00] INFO -> HttpStatusCode 302 GET " /api/v1/usuario/loginUsuario?user=sadsad&password=sdsadsad " 4ms;{}
[26-11-2022  21:24:00] INFO -> HttpStatusCode 200 GET " / " 0ms;{}
[26-11-2022  21:25:15] INFO -> Listening on port 3001;
[26-11-2022  21:25:21] INFO -> Listening on port 3001;
[26-11-2022  21:25:26] INFO -> HttpStatusCode 404 GET " /logo192.png " 2ms;{}
[26-11-2022  21:25:28] INFO -> HttpStatusCode 302 GET " /api/v1/usuario/loginUsuario?user=sadsad&password=sadsadad " 3ms;{}
[26-11-2022  21:25:28] INFO -> HttpStatusCode 404 GET " /api/v1/usuario/index.html " 1ms;{}
[27-11-2022  20:02:14] INFO -> Listening on port 3001;
[27-11-2022  20:02:24] INFO -> HttpStatusCode 404 GET " /logo192.png " 3ms;{}
[27-11-2022  20:05:24] INFO -> HttpStatusCode 302 GET " /api/v1/usuario/loginUsuario?user=leo&password=123 " 4ms;{}
[27-11-2022  20:05:24] INFO -> HttpStatusCode 404 GET " /api/v1/usuario/index.html " 1ms;{}
[27-11-2022  20:06:00] INFO -> Listening on port 3001;
